10:41:59.357 skipping bootstrap configuration: could not find or read file: classpath:karate-config.js
10:42:00.427 [print] data -->  [
  {
    "last_name": "Lawson",
    "id": 7,
    "avatar": "https://s3.amazonaws.com/uifaces/faces/twitter/follettkyle/128.jpg",
    "first_name": "Michael",
    "email": "michael.lawson@reqres.in"
  },
  {
    "last_name": "Ferguson",
    "id": 8,
    "avatar": "https://s3.amazonaws.com/uifaces/faces/twitter/araa3185/128.jpg",
    "first_name": "Lindsay",
    "email": "lindsay.ferguson@reqres.in"
  },
  {
    "last_name": "Funke",
    "id": 9,
    "avatar": "https://s3.amazonaws.com/uifaces/faces/twitter/vivekprvr/128.jpg",
    "first_name": "Tobias",
    "email": "tobias.funke@reqres.in"
  },
  {
    "last_name": "Fields",
    "id": 10,
    "avatar": "https://s3.amazonaws.com/uifaces/faces/twitter/russoedu/128.jpg",
    "first_name": "Byron",
    "email": "byron.fields@reqres.in"
  },
  {
    "last_name": "Edwards",
    "id": 11,
    "avatar": "https://s3.amazonaws.com/uifaces/faces/twitter/mrmoiree/128.jpg",
    "first_name": "George",
    "email": "george.edwards@reqres.in"
  },
  {
    "last_name": "Howell",
    "id": 12,
    "avatar": "https://s3.amazonaws.com/uifaces/faces/twitter/hebertialmeida/128.jpg",
    "first_name": "Rachel",
    "email": "rachel.howell@reqres.in"
  }
]

10:42:00.462 [print] numberOfUsers -->  {
  "last_name": "Funke",
  "id": 9,
  "avatar": "https://s3.amazonaws.com/uifaces/faces/twitter/vivekprvr/128.jpg",
  "first_name": "Tobias",
  "email": "tobias.funke@reqres.in"
}

