14:56:20.019 Environment variable value is -->  qa 
14:56:21.216 [print] {
  "per_page": 6,
  "total": 12,
  "ad": {
    "company": "StatusCode Weekly",
    "text": "A weekly newsletter focusing on software development, infrastructure, the server, performance, and the stack end of things.",
    "url": "http://statuscode.org/"
  },
  "data": [
    {
      "last_name": "Lawson",
      "id": 7,
      "avatar": "https://s3.amazonaws.com/uifaces/faces/twitter/follettkyle/128.jpg",
      "first_name": "Michael",
      "email": "michael.lawson@reqres.in"
    },
    {
      "last_name": "Ferguson",
      "id": 8,
      "avatar": "https://s3.amazonaws.com/uifaces/faces/twitter/araa3185/128.jpg",
      "first_name": "Lindsay",
      "email": "lindsay.ferguson@reqres.in"
    },
    {
      "last_name": "Funke",
      "id": 9,
      "avatar": "https://s3.amazonaws.com/uifaces/faces/twitter/vivekprvr/128.jpg",
      "first_name": "Tobias",
      "email": "tobias.funke@reqres.in"
    },
    {
      "last_name": "Fields",
      "id": 10,
      "avatar": "https://s3.amazonaws.com/uifaces/faces/twitter/russoedu/128.jpg",
      "first_name": "Byron",
      "email": "byron.fields@reqres.in"
    },
    {
      "last_name": "Edwards",
      "id": 11,
      "avatar": "https://s3.amazonaws.com/uifaces/faces/twitter/mrmoiree/128.jpg",
      "first_name": "George",
      "email": "george.edwards@reqres.in"
    },
    {
      "last_name": "Howell",
      "id": 12,
      "avatar": "https://s3.amazonaws.com/uifaces/faces/twitter/hebertialmeida/128.jpg",
      "first_name": "Rachel",
      "email": "rachel.howell@reqres.in"
    }
  ],
  "page": 2,
  "total_pages": 2
}

14:56:21.219 [print] url -->  https://reqres.in/api/users?page=2
A weekly newsletter focusing on software development, infrastructure, the server, performance, and the stack end of things.","url":"http:\/\/statuscode.org\/"},"data":[{"last_name":"Lawson","id":7,"avatar":"https:\/\/s3.amazonaws.com\/uifaces\/faces\/twitter\/follettkyle\/128.jpg","first_name":"Michael","email":"michael.lawson@reqres.in"},{"last_name":"Ferguson","id":8,"avatar":"https:\/\/s3.amazonaws.com\/uifaces\/faces\/twitter\/araa3185\/128.jpg","first_name":"Lindsay","email":"lindsay.ferguson@reqres.in"},{"last_name":"Funke","id":9,"avatar":"https:\/\/s3.amazonaws.com\/uifaces\/faces\/twitter\/vivekprvr\/128.jpg","first_name":"Tobias","email":"tobias.funke@reqres.in"},{"last_name":"Fields","id":10,"avatar":"https:\/\/s3.amazonaws.com\/uifaces\/faces\/twitter\/russoedu\/128.jpg","first_name":"Byron","email":"byron.fields@reqres.in"},{"last_name":"Edwards","id":11,"avatar":"https:\/\/s3.amazonaws.com\/uifaces\/faces\/twitter\/mrmoiree\/128.jpg","first_name":"George","email":"george.edwards@reqres.in"},{"last_name":"Howell","id":12,"avatar":"https:\/\/s3.amazonaws.com\/uifaces\/faces\/twitter\/hebertialmeida\/128.jpg","first_name":"Rachel","email":"rachel.howell@reqres.in"}],"page":2,"total_pages":2}, expected: {ad={company=StatusCode Weekly, text=A weekly newsletter focusing on software development, infrastructure, the server, performance, and the stack end of things., url=http://statuscode.org/}, data={last_name=Wong, id=3, avatar=https://s3.amazonaws.com/uifaces/faces/twitter/olegpogodaev/128.jpg, first_name=Emma, email=emma.wong@reqres.in}}, reason: actual value has 4 more key(s) than expected: {per_page=6, total=12, page=2, total_pages=2}
s=2}
